<?xml version="1.0" encoding="UTF-8"?>
<!-- Generated by org.testng.reporters.JUnitReportReporter -->
<testsuite hostname="LAPTOP-1KQK7KIT" failures="0" tests="1" name="tests.TC001_CreateLead" time="12.246" errors="0" timestamp="01 Sep 2018 05:22:15 GMT" skipped="0">
  <testcase classname="tests.TC001_CreateLead" name="createLead" time="12.246"/>
</testsuite> <!-- tests.TC001_CreateLead -->
