<?xml version="1.0" encoding="UTF-8"?>
<!-- Generated by org.testng.reporters.JUnitReportReporter -->
<testsuite skipped="0" hostname="LAPTOP-1KQK7KIT" name="bankbazarTestCases.Testcase_001" tests="1" failures="0" timestamp="09 Sep 2018 07:12:34 GMT" time="23.495" errors="0">
  <testcase name="testSteps" time="23.495" classname="bankbazarTestCases.Testcase_001"/>
</testsuite> <!-- bankbazarTestCases.Testcase_001 -->
