<?xml version="1.0" encoding="UTF-8"?>
<!-- Generated by org.testng.reporters.JUnitReportReporter -->
<testsuite hostname="LAPTOP-1KQK7KIT" failures="0" tests="1" name="testcases.TC002_EditLead" time="15.318" errors="0" timestamp="01 Sep 2018 07:24:28 GMT" skipped="0">
  <testcase classname="testcases.TC002_EditLead" name="editLead" time="15.318"/>
</testsuite> <!-- testcases.TC002_EditLead -->
